<?xml version="1.0" encoding="UTF-8"?>
<testsuite name="com.junitIntegration.MathApplicationTest" tests="4" skipped="0" failures="0" errors="0" timestamp="2020-06-02T13:08:19" hostname="KYOOLBABA" time="0.724">
  <properties/>
  <testcase name="testAdd" classname="com.junitIntegration.MathApplicationTest" time="0.686"/>
  <testcase name="testSub" classname="com.junitIntegration.MathApplicationTest" time="0.006"/>
  <testcase name="testDivide" classname="com.junitIntegration.MathApplicationTest" time="0.005"/>
  <testcase name="testMultiply" classname="com.junitIntegration.MathApplicationTest" time="0.012"/>
  <system-out><![CDATA[]]></system-out>
  <system-err><![CDATA[]]></system-err>
</testsuite>
